<?xml version="1.0" encoding="UTF-8"?>
<testsuite xmlns:xsi="http://www.w3.org/2001/XMLSchema-instance" xsi:noNamespaceSchemaLocation="https://maven.apache.org/surefire/maven-surefire-plugin/xsd/surefire-test-report.xsd" version="3.0.2" name="by.vstu.zamok.order.RgrApplicationTests" time="6.878" tests="1" errors="0" skipped="0" failures="0">
  <properties>
[...]
</properties>
  <testcase name="contextLoads" classname="by.vstu.zamok.order.RgrApplicationTests" time="0.42">
    <system-out><![CDATA[19:55:10.896 [main] INFO org.springframework.test.context.support.AnnotationConfigContextLoaderUtils -- Could not detect default configuration classes for test class [by.vstu.zamok.order.RgrApplicationTests]: RgrApplicationTests does not declare any static, non-private, non-final, nested classes annotated with @Configuration.
19:55:11.078 [main] INFO org.springframework.boot.test.context.SpringBootTestContextBootstrapper -- Found @SpringBootConfiguration by.vstu.zamok.order.OrderServiceApplication for test class by.vstu.zamok.order.RgrApplicationTests
19:55:11.218 [main] INFO org.springframework.boot.devtools.restart.RestartApplicationListener -- Restart disabled due to context in which it is running

  .   ____          _            __ _ _
 /\\ / ___'_ __ _ _(_)_ __  __ _ \ \ \ \
( ( )\___ | '_ | '_| | '_ \/ _` | \ \ \ \
 \\/  ___)| |_)| | | | | || (_| |  ) ) ) )
  '  |____| .__|_| |_|_| |_\__, | / / / /
 =========|_|==============|___/=/_/_/_/

 :: Spring Boot ::                (v3.5.0)

2025-12-10T19:55:11.494+03:00  INFO 21656 --- [           main] b.vstu.zamok.order.RgrApplicationTests   : Starting RgrApplicationTests using Java 17.0.8 with PID 21656 (started by DANA in D:\R\rgr\order-service)
2025-12-10T19:55:11.495+03:00  INFO 21656 --- [           main] b.vstu.zamok.order.RgrApplicationTests   : No active profile set, falling back to 1 default profile: "default"
2025-12-10T19:55:12.204+03:00  INFO 21656 --- [           main] .s.d.r.c.RepositoryConfigurationDelegate : Bootstrapping Spring Data JPA repositories in DEFAULT mode.
2025-12-10T19:55:12.260+03:00  INFO 21656 --- [           main] .s.d.r.c.RepositoryConfigurationDelegate : Finished Spring Data repository scanning in 46 ms. Found 3 JPA repository interfaces.
2025-12-10T19:55:12.736+03:00  INFO 21656 --- [           main] com.zaxxer.hikari.HikariDataSource       : HikariPool-1 - Starting...
2025-12-10T19:55:12.957+03:00  INFO 21656 --- [           main] com.zaxxer.hikari.pool.HikariPool        : HikariPool-1 - Added connection org.postgresql.jdbc.PgConnection@6a6da47a
2025-12-10T19:55:12.958+03:00  INFO 21656 --- [           main] com.zaxxer.hikari.HikariDataSource       : HikariPool-1 - Start completed.
2025-12-10T19:55:13.080+03:00  INFO 21656 --- [           main] liquibase.database                       : Set default schema name to public
2025-12-10T19:55:13.266+03:00  INFO 21656 --- [           main] liquibase.changelog                      : Reading from public.databasechangelog
2025-12-10T19:55:13.306+03:00  INFO 21656 --- [           main] liquibase.ui                             : Database is up to date, no changesets to execute
2025-12-10T19:55:13.308+03:00  INFO 21656 --- [           main] liquibase.changelog                      : Reading from public.databasechangelog
2025-12-10T19:55:13.317+03:00  INFO 21656 --- [           main] liquibase.util                           : UPDATE SUMMARY
2025-12-10T19:55:13.317+03:00  INFO 21656 --- [           main] liquibase.util                           : Run:                          0
2025-12-10T19:55:13.317+03:00  INFO 21656 --- [           main] liquibase.util                           : Previously run:               5
2025-12-10T19:55:13.317+03:00  INFO 21656 --- [           main] liquibase.util                           : Filtered out:                 0
2025-12-10T19:55:13.317+03:00  INFO 21656 --- [           main] liquibase.util                           : -------------------------------
2025-12-10T19:55:13.317+03:00  INFO 21656 --- [           main] liquibase.util                           : Total change sets:            5
2025-12-10T19:55:13.318+03:00  INFO 21656 --- [           main] liquibase.util                           : Update summary generated
2025-12-10T19:55:13.319+03:00  INFO 21656 --- [           main] liquibase.command                        : Command execution complete
2025-12-10T19:55:14.400+03:00  INFO 21656 --- [           main] o.hibernate.jpa.internal.util.LogHelper  : HHH000204: Processing PersistenceUnitInfo [name: default]
2025-12-10T19:55:14.455+03:00  INFO 21656 --- [           main] org.hibernate.Version                    : HHH000412: Hibernate ORM core version 6.6.15.Final
2025-12-10T19:55:14.485+03:00  INFO 21656 --- [           main] o.h.c.internal.RegionFactoryInitiator    : HHH000026: Second-level cache disabled
2025-12-10T19:55:14.711+03:00  INFO 21656 --- [           main] o.s.o.j.p.SpringPersistenceUnitInfo      : No LoadTimeWeaver setup: ignoring JPA class transformer
2025-12-10T19:55:14.762+03:00  WARN 21656 --- [           main] org.hibernate.orm.deprecation            : HHH90000025: PostgreSQLDialect does not need to be specified explicitly using 'hibernate.dialect' (remove the property setting and it will be selected by default)
2025-12-10T19:55:14.779+03:00  INFO 21656 --- [           main] org.hibernate.orm.connections.pooling    : HHH10001005: Database info:
	Database JDBC URL [Connecting through datasource 'HikariDataSource (HikariPool-1)']
	Database driver: undefined/unknown
	Database version: 14.20
	Autocommit mode: undefined/unknown
	Isolation level: undefined/unknown
	Minimum pool size: undefined/unknown
	Maximum pool size: undefined/unknown
2025-12-10T19:55:15.532+03:00  INFO 21656 --- [           main] o.h.e.t.j.p.i.JtaPlatformInitiator       : HHH000489: No JTA platform available (set 'hibernate.transaction.jta.platform' to enable JTA platform integration)
2025-12-10T19:55:15.564+03:00  INFO 21656 --- [           main] j.LocalContainerEntityManagerFactoryBean : Initialized JPA EntityManagerFactory for persistence unit 'default'
2025-12-10T19:55:15.941+03:00  WARN 21656 --- [           main] JpaBaseConfiguration$JpaWebConfiguration : spring.jpa.open-in-view is enabled by default. Therefore, database queries may be performed during view rendering. Explicitly configure spring.jpa.open-in-view to disable this warning
2025-12-10T19:55:16.615+03:00  INFO 21656 --- [           main] o.a.k.clients.admin.AdminClientConfig    : AdminClientConfig values: 
	auto.include.jmx.reporter = true
	bootstrap.controllers = []
	bootstrap.servers = [localhost:9092]
	client.dns.lookup = use_all_dns_ips
	client.id = 
	connections.max.idle.ms = 300000
	default.api.timeout.ms = 60000
	enable.metrics.push = true
	metadata.max.age.ms = 300000
	metadata.recovery.strategy = none
	metric.reporters = []
	metrics.num.samples = 2
	metrics.recording.level = INFO
	metrics.sample.window.ms = 30000
	receive.buffer.bytes = 65536
	reconnect.backoff.max.ms = 1000
	reconnect.backoff.ms = 50
	request.timeout.ms = 30000
	retries = 2147483647
	retry.backoff.max.ms = 1000
	retry.backoff.ms = 100
	sasl.client.callback.handler.class = null
	sasl.jaas.config = null
	sasl.kerberos.kinit.cmd = /usr/bin/kinit
	sasl.kerberos.min.time.before.relogin = 60000
	sasl.kerberos.service.name = null
	sasl.kerberos.ticket.renew.jitter = 0.05
	sasl.kerberos.ticket.renew.window.factor = 0.8
	sasl.login.callback.handler.class = null
	sasl.login.class = null
	sasl.login.connect.timeout.ms = null
	sasl.login.read.timeout.ms = null
	sasl.login.refresh.buffer.seconds = 300
	sasl.login.refresh.min.period.seconds = 60
	sasl.login.refresh.window.factor = 0.8
	sasl.login.refresh.window.jitter = 0.05
	sasl.login.retry.backoff.max.ms = 10000
	sasl.login.retry.backoff.ms = 100
	sasl.mechanism = GSSAPI
	sasl.oauthbearer.clock.skew.seconds = 30
	sasl.oauthbearer.expected.audience = null
	sasl.oauthbearer.expected.issuer = null
	sasl.oauthbearer.header.urlencode = false
	sasl.oauthbearer.jwks.endpoint.refresh.ms = 3600000
	sasl.oauthbearer.jwks.endpoint.retry.backoff.max.ms = 10000
	sasl.oauthbearer.jwks.endpoint.retry.backoff.ms = 100
	sasl.oauthbearer.jwks.endpoint.url = null
	sasl.oauthbearer.scope.claim.name = scope
	sasl.oauthbearer.sub.claim.name = sub
	sasl.oauthbearer.token.endpoint.url = null
	security.protocol = PLAINTEXT
	security.providers = null
	send.buffer.bytes = 131072
	socket.connection.setup.timeout.max.ms = 30000
	socket.connection.setup.timeout.ms = 10000
	ssl.cipher.suites = null
	ssl.enabled.protocols = [TLSv1.2, TLSv1.3]
	ssl.endpoint.identification.algorithm = https
	ssl.engine.factory.class = null
	ssl.key.password = null
	ssl.keymanager.algorithm = SunX509
	ssl.keystore.certificate.chain = null
	ssl.keystore.key = null
	ssl.keystore.location = null
	ssl.keystore.password = null
	ssl.keystore.type = JKS
	ssl.protocol = TLSv1.3
	ssl.provider = null
	ssl.secure.random.implementation = null
	ssl.trustmanager.algorithm = PKIX
	ssl.truststore.certificates = null
	ssl.truststore.location = null
	ssl.truststore.password = null
	ssl.truststore.type = JKS

2025-12-10T19:55:16.733+03:00  INFO 21656 --- [           main] o.a.kafka.common.utils.AppInfoParser     : Kafka version: 3.9.1
2025-12-10T19:55:16.734+03:00  INFO 21656 --- [           main] o.a.kafka.common.utils.AppInfoParser     : Kafka commitId: f745dfdcee2b9851
2025-12-10T19:55:16.734+03:00  INFO 21656 --- [           main] o.a.kafka.common.utils.AppInfoParser     : Kafka startTimeMs: 1765385716732
2025-12-10T19:55:17.170+03:00  INFO 21656 --- [| adminclient-1] o.a.kafka.common.utils.AppInfoParser     : App info kafka.admin.client for adminclient-1 unregistered
2025-12-10T19:55:17.173+03:00  INFO 21656 --- [| adminclient-1] o.apache.kafka.common.metrics.Metrics    : Metrics scheduler closed
2025-12-10T19:55:17.173+03:00  INFO 21656 --- [| adminclient-1] o.apache.kafka.common.metrics.Metrics    : Closing reporter org.apache.kafka.common.metrics.JmxReporter
2025-12-10T19:55:17.174+03:00  INFO 21656 --- [| adminclient-1] o.apache.kafka.common.metrics.Metrics    : Metrics reporters closed
2025-12-10T19:55:17.184+03:00  INFO 21656 --- [           main] b.vstu.zamok.order.RgrApplicationTests   : Started RgrApplicationTests in 5.978 seconds (process running for 6.817)
]]></system-out>
  </testcase>
</testsuite>